Experiment 'pythonSurveyNotificationcf' is active
LSP Notebooks experiment is enabled
LSP Notebooks interactive window support is enabled
> conda info --json
> C:\Users\Kevin Romero\AppData\Local\Microsoft\WindowsApps\python3.10.exe -c "import sys;print(sys.executable)"
[ERROR 2023-0-13 11:19:0.885]: [Error: Command failed: C:\Users\Kevin Romero\AppData\Local\Microsoft\WindowsApps\python3.10.exe -c "import sys;print(sys.executable)"
/bin/sh: 1: C:UsersKevin: not found

	at ChildProcess.exithandler (node:child_process:399:12)
	at ChildProcess.emit (node:events:526:28)
	at maybeClose (node:internal/child_process:1092:16)
	at Socket.<anonymous> (node:internal/child_process:451:11)
	at Socket.emit (node:events:526:28)
	at Pipe.<anonymous> (node:net:687:12)] {
  killed: false,
  code: 127,
  signal: null,
  cmd: 'C:\\Users\\Kevin Romero\\AppData\\Local\\Microsoft\\WindowsApps\\python3.10.exe -c "import sys;print(sys.executable)"'
}
> /bin/python3 ~/.vscode-server/extensions/ms-python.python-2022.20.2/pythonFiles/get_output_via_markers.py ~/.vscode-server/extensions/ms-python.python-2022.20.2/pythonFiles/interpreterInfo.py
> /usr/bin/python3 ~/.vscode-server/extensions/ms-python.python-2022.20.2/pythonFiles/get_output_via_markers.py ~/.vscode-server/extensions/ms-python.python-2022.20.2/pythonFiles/interpreterInfo.py
Python interpreter path: /bin/python3
Starting Pylance language server.
