2023-01-13 11:19:00.576 [info] Log level: Info
2023-01-13 11:19:00.576 [info] Validating found git in: "git"
2023-01-13 11:19:00.576 [info] Using git "2.34.1" from "git"
2023-01-13 11:19:00.576 [info] > git rev-parse --show-toplevel [42ms]
2023-01-13 11:19:00.577 [info] > git rev-parse --git-dir --git-common-dir [25ms]
2023-01-13 11:19:00.585 [info] Open repository: /home/kevinromeroe
2023-01-13 11:19:00.699 [info] > git rev-parse --show-toplevel [108ms]
2023-01-13 11:19:00.699 [info] fatal: this operation must be run in a work tree
2023-01-13 11:19:00.714 [info] > git rev-parse --show-toplevel [12ms]
2023-01-13 11:19:00.715 [info] > git config --get commit.template [58ms]
2023-01-13 11:19:00.727 [warning] No remotes found in the git config file.
2023-01-13 11:19:00.764 [info] > git for-each-ref --format=%(refname)%00%(upstream:short)%00%(objectname)%00%(upstream:track)%00%(upstream:remotename)%00%(upstream:remoteref) refs/heads/master refs/remotes/master [42ms]
2023-01-13 11:19:00.776 [info] > git remote --verbose [49ms]
2023-01-13 11:19:00.808 [info] > git for-each-ref --sort -committerdate --format %(refname) %(objectname) %(*objectname) [25ms]
2023-01-13 11:19:00.841 [info] > git status -z -uall [62ms] (cancelled)
2023-01-13 11:19:01.093 [info] > git show --textconv :.git/COMMIT_EDITMSG [21ms]
2023-01-13 11:19:01.095 [info] > git ls-files --stage -- /home/kevinromeroe/.git/COMMIT_EDITMSG [16ms]
2023-01-13 11:19:01.220 [info] > git check-ignore -v -z --stdin [9ms]
2023-01-13 11:19:04.135 [info] > git config --get commit.template [832ms]
2023-01-13 11:19:04.176 [warning] No remotes found in the git config file.
2023-01-13 11:19:04.179 [info] > git remote --verbose [2ms]
2023-01-13 11:19:04.179 [info] > git for-each-ref --format=%(refname)%00%(upstream:short)%00%(objectname)%00%(upstream:track)%00%(upstream:remotename)%00%(upstream:remoteref) refs/heads/master refs/remotes/master [24ms]
2023-01-13 11:19:04.199 [info] > git for-each-ref --sort -committerdate --format %(refname) %(objectname) %(*objectname) [2ms]
2023-01-13 11:19:04.333 [info] > git status -z -uall [146ms] (cancelled)
2023-01-13 11:19:06.934 [info] > git show --textconv :ProjectPython/Hola.py [36ms]
2023-01-13 11:19:06.934 [info] > git ls-files --stage -- /home/kevinromeroe/ProjectPython/Hola.py [22ms]
2023-01-13 11:19:06.957 [info] > git cat-file -s e69de29bb2d1d6434b8b29ae775ad8c2e48c5391 [13ms]
2023-01-13 11:32:09.035 [info] > git ls-files --stage -- /home/kevinromeroe/ProjectPython/Hola.py [5ms]
2023-01-13 11:32:09.049 [info] > git cat-file -s e69de29bb2d1d6434b8b29ae775ad8c2e48c5391 [1ms]
2023-01-13 11:32:09.075 [info] > git show --textconv :ProjectPython/Hola.py [3ms]
2023-01-13 11:40:57.037 [info] > git ls-files --stage -- /home/kevinromeroe/ProjectPython/Hola.py [4ms]
2023-01-13 11:40:57.046 [info] > git cat-file -s e69de29bb2d1d6434b8b29ae775ad8c2e48c5391 [1ms]
2023-01-13 11:40:57.063 [info] > git show --textconv :ProjectPython/Hola.py [3ms]
2023-01-13 11:41:01.267 [info] > git check-ignore -v -z --stdin [18ms]
2023-01-13 11:41:02.545 [info] > git check-ignore -v -z --stdin [11ms]
2023-01-13 11:41:04.728 [info] > git check-ignore -v -z --stdin [79ms]
2023-01-13 11:41:06.041 [info] > git show --textconv :.git/COMMIT_EDITMSG [35ms]
2023-01-13 11:41:06.044 [info] > git ls-files --stage -- /home/kevinromeroe/.git/COMMIT_EDITMSG [15ms]
2023-01-13 11:41:06.366 [info] > git ls-files --stage -- /home/kevinromeroe/ProjectPython/Hola.py [17ms]
2023-01-13 11:41:06.385 [info] > git cat-file -s e69de29bb2d1d6434b8b29ae775ad8c2e48c5391 [1ms]
2023-01-13 11:41:06.386 [info] > git ls-files --stage -- /home/kevinromeroe/.git/COMMIT_EDITMSG [23ms]
2023-01-13 11:41:06.405 [info] > git show --textconv :ProjectPython/Hola.py [8ms]
2023-01-13 11:41:06.407 [info] > git show --textconv :.git/COMMIT_EDITMSG [3ms]
2023-01-13 11:46:01.076 [info] > git check-ignore -v -z --stdin [5ms]
2023-01-13 11:48:42.506 [info] > git check-ignore -v -z --stdin [7ms]
2023-01-13 11:50:08.498 [info] > git -c user.useConfigOnly=true commit --quiet [543575ms]
2023-01-13 11:50:08.553 [info] > git config --get commit.template [25ms]
2023-01-13 11:50:08.577 [warning] No remotes found in the git config file.
2023-01-13 11:50:08.580 [info] > git for-each-ref --format=%(refname)%00%(upstream:short)%00%(objectname)%00%(upstream:track)%00%(upstream:remotename)%00%(upstream:remoteref) refs/heads/master refs/remotes/master [29ms]
2023-01-13 11:50:08.583 [info] > git remote --verbose [7ms]
2023-01-13 11:50:08.667 [info] > git for-each-ref --sort -committerdate --format %(refname) %(objectname) %(*objectname) [32ms]
2023-01-13 11:50:08.748 [info] > git status -z -uall [138ms]
2023-01-13 11:50:10.012 [info] > git config --get commit.template [2ms]
2023-01-13 11:50:10.040 [warning] No remotes found in the git config file.
2023-01-13 11:50:10.041 [info] > git remote --verbose [1ms]
2023-01-13 11:50:10.041 [info] > git for-each-ref --format=%(refname)%00%(upstream:short)%00%(objectname)%00%(upstream:track)%00%(upstream:remotename)%00%(upstream:remoteref) refs/heads/master refs/remotes/master [17ms]
2023-01-13 11:50:10.103 [info] > git for-each-ref --sort -committerdate --format %(refname) %(objectname) %(*objectname) [3ms]
2023-01-13 11:50:10.127 [info] > git status -z -uall [69ms]
2023-01-13 11:50:11.180 [info] > git ls-files --stage -- /home/kevinromeroe/ProjectPython/Hola.py [8ms]
2023-01-13 11:50:11.196 [info] > git cat-file -s e69de29bb2d1d6434b8b29ae775ad8c2e48c5391 [1ms]
2023-01-13 11:50:11.243 [info] > git show --textconv :ProjectPython/Hola.py [6ms]
2023-01-13 11:50:13.957 [info] > git config --get commit.template [2ms]
2023-01-13 11:50:14.006 [warning] No remotes found in the git config file.
2023-01-13 11:50:14.008 [info] > git remote --verbose [2ms]
2023-01-13 11:50:14.009 [info] > git for-each-ref --format=%(refname)%00%(upstream:short)%00%(objectname)%00%(upstream:track)%00%(upstream:remotename)%00%(upstream:remoteref) refs/heads/master refs/remotes/master [34ms]
2023-01-13 11:50:14.057 [info] > git for-each-ref --sort -committerdate --format %(refname) %(objectname) %(*objectname) [2ms]
2023-01-13 11:50:14.096 [info] > git status -z -uall [63ms]
2023-01-13 11:50:14.834 [info] > git check-ignore -v -z --stdin [19ms]
2023-01-13 11:50:16.192 [info] > git check-ignore -v -z --stdin [9ms]
2023-01-13 11:50:18.625 [info] > git check-ignore -v -z --stdin [71ms]
2023-01-13 11:50:19.169 [info] > git config --get commit.template [1ms]
2023-01-13 11:50:19.180 [warning] No remotes found in the git config file.
2023-01-13 11:50:19.181 [info] > git for-each-ref --format=%(refname)%00%(upstream:short)%00%(objectname)%00%(upstream:track)%00%(upstream:remotename)%00%(upstream:remoteref) refs/heads/master refs/remotes/master [7ms]
2023-01-13 11:50:19.181 [info] > git remote --verbose [1ms]
2023-01-13 11:50:19.227 [info] > git for-each-ref --sort -committerdate --format %(refname) %(objectname) %(*objectname) [1ms]
2023-01-13 11:50:19.238 [info] > git status -z -uall [46ms]
2023-01-13 11:50:24.598 [info] > git add -A -- . [2716ms]
2023-01-13 11:50:25.320 [info] > git show --textconv :.git/COMMIT_EDITMSG [12ms]
2023-01-13 11:50:25.321 [info] > git ls-files --stage -- /home/kevinromeroe/.git/COMMIT_EDITMSG [2ms]
2023-01-13 11:50:26.130 [info] > git ls-files --stage -- /home/kevinromeroe/ProjectPython/Hola.py [10ms]
2023-01-13 11:50:26.138 [info] > git ls-files --stage -- /home/kevinromeroe/.git/COMMIT_EDITMSG [10ms]
2023-01-13 11:50:26.139 [info] > git cat-file -s 5c906a6bc051c00b0ea212127d3f427a226754f1 [2ms]
2023-01-13 11:50:26.160 [info] > git show --textconv :.git/COMMIT_EDITMSG [9ms]
2023-01-13 11:50:26.162 [info] > git show --textconv :ProjectPython/Hola.py [3ms]
2023-01-13 11:50:35.891 [info] > git ls-files --stage -- /home/kevinromeroe/ProjectPython/Hola.py [8ms]
2023-01-13 11:50:35.904 [info] > git ls-files --stage -- /home/kevinromeroe/.git/COMMIT_EDITMSG [15ms]
2023-01-13 11:50:35.905 [info] > git cat-file -s 5c906a6bc051c00b0ea212127d3f427a226754f1 [2ms]
2023-01-13 11:50:35.931 [info] > git show --textconv :.git/COMMIT_EDITMSG [9ms]
2023-01-13 11:50:35.933 [info] > git show --textconv :ProjectPython/Hola.py [4ms]
2023-01-13 11:50:36.120 [info] > git -c user.useConfigOnly=true commit --quiet [11515ms]
2023-01-13 11:50:36.131 [info] > git config --get commit.template [3ms]
2023-01-13 11:50:36.152 [warning] No remotes found in the git config file.
2023-01-13 11:50:36.153 [info] > git remote --verbose [1ms]
2023-01-13 11:50:36.154 [info] > git for-each-ref --format=%(refname)%00%(upstream:short)%00%(objectname)%00%(upstream:track)%00%(upstream:remotename)%00%(upstream:remoteref) refs/heads/master refs/remotes/master [11ms]
2023-01-13 11:50:36.182 [info] > git for-each-ref --sort -committerdate --format %(refname) %(objectname) %(*objectname) [1ms]
2023-01-13 11:50:36.201 [info] > git status -z -uall [36ms]
2023-01-13 11:50:36.233 [info] > git config --get commit.template [2ms]
2023-01-13 11:50:36.258 [warning] No remotes found in the git config file.
2023-01-13 11:50:36.259 [info] > git remote --verbose [2ms]
2023-01-13 11:50:36.259 [info] > git for-each-ref --format=%(refname)%00%(upstream:short)%00%(objectname)%00%(upstream:track)%00%(upstream:remotename)%00%(upstream:remoteref) refs/heads/master refs/remotes/master [15ms]
2023-01-13 11:50:36.298 [info] > git for-each-ref --sort -committerdate --format %(refname) %(objectname) %(*objectname) [4ms]
2023-01-13 11:50:36.332 [info] > git status -z -uall [59ms]
2023-01-13 11:50:36.702 [info] > git config --get commit.template [2ms]
2023-01-13 11:50:36.729 [warning] No remotes found in the git config file.
2023-01-13 11:50:36.730 [info] > git remote --verbose [1ms]
2023-01-13 11:50:36.730 [info] > git for-each-ref --format=%(refname)%00%(upstream:short)%00%(objectname)%00%(upstream:track)%00%(upstream:remotename)%00%(upstream:remoteref) refs/heads/master refs/remotes/master [13ms]
2023-01-13 11:50:36.758 [info] > git for-each-ref --sort -committerdate --format %(refname) %(objectname) %(*objectname) [1ms]
2023-01-13 11:50:36.778 [info] > git status -z -uall [35ms]
2023-01-13 11:50:37.796 [info] > git ls-files --stage -- /home/kevinromeroe/ProjectPython/Hola.py [3ms]
2023-01-13 11:50:37.801 [info] > git cat-file -s 5c906a6bc051c00b0ea212127d3f427a226754f1 [0ms]
2023-01-13 11:50:37.813 [info] > git show --textconv :ProjectPython/Hola.py [2ms]
2023-01-13 11:50:40.499 [info] > git show --textconv HEAD:.vscode-server/data/logs/20230113T111858/exthost1/exthost.log [14ms]
2023-01-13 11:50:40.500 [info] > git ls-tree -l HEAD -- /home/kevinromeroe/.vscode-server/data/logs/20230113T111858/exthost1/exthost.log [4ms]
2023-01-13 11:50:41.010 [info] > git check-ignore -v -z --stdin [7ms]
2023-01-13 11:50:41.344 [info] > git config --get commit.template [0ms]
2023-01-13 11:50:41.360 [warning] No remotes found in the git config file.
2023-01-13 11:50:41.361 [info] > git remote --verbose [1ms]
2023-01-13 11:50:41.361 [info] > git for-each-ref --format=%(refname)%00%(upstream:short)%00%(objectname)%00%(upstream:track)%00%(upstream:remotename)%00%(upstream:remoteref) refs/heads/master refs/remotes/master [9ms]
2023-01-13 11:50:41.390 [info] > git for-each-ref --sort -committerdate --format %(refname) %(objectname) %(*objectname) [2ms]
2023-01-13 11:50:41.408 [info] > git status -z -uall [37ms]
2023-01-13 11:50:46.419 [info] > git config --get commit.template [1ms]
2023-01-13 11:50:46.435 [warning] No remotes found in the git config file.
2023-01-13 11:50:46.436 [info] > git remote --verbose [1ms]
2023-01-13 11:50:46.436 [info] > git for-each-ref --format=%(refname)%00%(upstream:short)%00%(objectname)%00%(upstream:track)%00%(upstream:remotename)%00%(upstream:remoteref) refs/heads/master refs/remotes/master [9ms]
2023-01-13 11:50:46.464 [info] > git for-each-ref --sort -committerdate --format %(refname) %(objectname) %(*objectname) [1ms]
2023-01-13 11:50:46.478 [info] > git status -z -uall [34ms]
2023-01-13 11:50:48.596 [info] > git show --textconv HEAD:.vscode-server/data/logs/20230113T111858/exthost1/vscode.git/Git.log [14ms]
2023-01-13 11:50:48.597 [info] > git ls-tree -l HEAD -- /home/kevinromeroe/.vscode-server/data/logs/20230113T111858/exthost1/vscode.git/Git.log [5ms]
2023-01-13 11:50:49.101 [info] > git check-ignore -v -z --stdin [2ms]
2023-01-13 11:50:51.487 [info] > git config --get commit.template [1ms]
2023-01-13 11:50:51.497 [warning] No remotes found in the git config file.
2023-01-13 11:50:51.497 [info] > git remote --verbose [0ms]
2023-01-13 11:50:51.498 [info] > git for-each-ref --format=%(refname)%00%(upstream:short)%00%(objectname)%00%(upstream:track)%00%(upstream:remotename)%00%(upstream:remoteref) refs/heads/master refs/remotes/master [6ms]
2023-01-13 11:50:51.516 [info] > git for-each-ref --sort -committerdate --format %(refname) %(objectname) %(*objectname) [1ms]
2023-01-13 11:50:51.536 [info] > git status -z -uall [32ms]
2023-01-13 11:50:56.132 [info] > git add -A -- . [64ms]
2023-01-13 11:50:56.576 [info] > git show --textconv :.git/COMMIT_EDITMSG [10ms]
2023-01-13 11:50:56.577 [info] > git ls-files --stage -- /home/kevinromeroe/.git/COMMIT_EDITMSG [2ms]
2023-01-13 11:50:57.503 [info] > git ls-files --stage -- /home/kevinromeroe/ProjectPython/Hola.py [8ms]
2023-01-13 11:50:57.511 [info] > git ls-files --stage -- /home/kevinromeroe/.git/COMMIT_EDITMSG [8ms]
2023-01-13 11:50:57.513 [info] > git cat-file -s 5c906a6bc051c00b0ea212127d3f427a226754f1 [2ms]
2023-01-13 11:50:57.534 [info] > git show --textconv :.git/COMMIT_EDITMSG [9ms]
2023-01-13 11:50:57.535 [info] > git show --textconv :ProjectPython/Hola.py [3ms]
2023-01-13 11:51:02.917 [info] > git -c user.useConfigOnly=true commit --quiet [6771ms]
2023-01-13 11:51:02.933 [info] > git config --get commit.template [3ms]
2023-01-13 11:51:02.955 [warning] No remotes found in the git config file.
2023-01-13 11:51:02.958 [info] > git for-each-ref --format=%(refname)%00%(upstream:short)%00%(objectname)%00%(upstream:track)%00%(upstream:remotename)%00%(upstream:remoteref) refs/heads/master refs/remotes/master [15ms]
2023-01-13 11:51:02.958 [info] > git remote --verbose [3ms]
2023-01-13 11:51:03.006 [info] > git for-each-ref --sort -committerdate --format %(refname) %(objectname) %(*objectname) [16ms]
2023-01-13 11:51:03.017 [info] > git status -z -uall [43ms]
2023-01-13 11:51:03.037 [info] > git config --get commit.template [1ms]
2023-01-13 11:51:03.048 [warning] No remotes found in the git config file.
2023-01-13 11:51:03.057 [info] > git remote --verbose [9ms]
2023-01-13 11:51:03.057 [info] > git for-each-ref --format=%(refname)%00%(upstream:short)%00%(objectname)%00%(upstream:track)%00%(upstream:remotename)%00%(upstream:remoteref) refs/heads/master refs/remotes/master [1ms]
2023-01-13 11:51:03.083 [info] > git for-each-ref --sort -committerdate --format %(refname) %(objectname) %(*objectname) [3ms]
2023-01-13 11:51:03.104 [info] > git status -z -uall [36ms]
2023-01-13 11:51:03.124 [info] > git config --get commit.template [6ms]
2023-01-13 11:51:03.141 [warning] No remotes found in the git config file.
2023-01-13 11:51:03.144 [info] > git remote --verbose [3ms]
2023-01-13 11:51:03.145 [info] > git for-each-ref --format=%(refname)%00%(upstream:short)%00%(objectname)%00%(upstream:track)%00%(upstream:remotename)%00%(upstream:remoteref) refs/heads/master refs/remotes/master [13ms]
2023-01-13 11:51:03.168 [info] > git for-each-ref --sort -committerdate --format %(refname) %(objectname) %(*objectname) [2ms]
2023-01-13 11:51:03.193 [info] > git status -z -uall [41ms]
2023-01-13 11:51:03.825 [info] > git check-ignore -v -z --stdin [4ms]
2023-01-13 11:51:04.223 [info] > git ls-files --stage -- /home/kevinromeroe/ProjectPython/Hola.py [3ms]
2023-01-13 11:51:04.231 [info] > git cat-file -s 5c906a6bc051c00b0ea212127d3f427a226754f1 [1ms]
2023-01-13 11:51:04.249 [info] > git show --textconv :ProjectPython/Hola.py [3ms]
2023-01-13 11:51:08.112 [info] > git config --get commit.template [1ms]
2023-01-13 11:51:08.122 [warning] No remotes found in the git config file.
2023-01-13 11:51:08.123 [info] > git remote --verbose [1ms]
2023-01-13 11:51:08.123 [info] > git for-each-ref --format=%(refname)%00%(upstream:short)%00%(objectname)%00%(upstream:track)%00%(upstream:remotename)%00%(upstream:remoteref) refs/heads/master refs/remotes/master [6ms]
2023-01-13 11:51:08.140 [info] > git for-each-ref --sort -committerdate --format %(refname) %(objectname) %(*objectname) [1ms]
2023-01-13 11:51:08.157 [info] > git status -z -uall [28ms]
2023-01-13 11:51:09.173 [info] > git add -A -- . [47ms]
2023-01-13 11:51:09.587 [info] > git show --textconv :.git/COMMIT_EDITMSG [8ms]
2023-01-13 11:51:09.590 [info] > git ls-files --stage -- /home/kevinromeroe/.git/COMMIT_EDITMSG [4ms]
2023-01-13 11:51:10.523 [info] > git ls-files --stage -- /home/kevinromeroe/ProjectPython/Hola.py [10ms]
2023-01-13 11:51:10.530 [info] > git ls-files --stage -- /home/kevinromeroe/.git/COMMIT_EDITMSG [11ms]
2023-01-13 11:51:10.531 [info] > git cat-file -s 5c906a6bc051c00b0ea212127d3f427a226754f1 [2ms]
2023-01-13 11:51:10.566 [info] > git show --textconv :.git/COMMIT_EDITMSG [19ms]
2023-01-13 11:51:10.567 [info] > git show --textconv :ProjectPython/Hola.py [2ms]
2023-01-13 11:51:15.747 [info] > git -c user.useConfigOnly=true commit --quiet [6563ms]
2023-01-13 11:51:15.766 [info] > git config --get commit.template [2ms]
2023-01-13 11:51:15.792 [warning] No remotes found in the git config file.
2023-01-13 11:51:15.793 [info] > git for-each-ref --format=%(refname)%00%(upstream:short)%00%(objectname)%00%(upstream:track)%00%(upstream:remotename)%00%(upstream:remoteref) refs/heads/master refs/remotes/master [15ms]
2023-01-13 11:51:15.793 [info] > git remote --verbose [2ms]
2023-01-13 11:51:15.824 [info] > git for-each-ref --sort -committerdate --format %(refname) %(objectname) %(*objectname) [2ms]
2023-01-13 11:51:15.853 [info] > git status -z -uall [46ms]
2023-01-13 11:51:15.874 [info] > git config --get commit.template [2ms]
2023-01-13 11:51:15.897 [warning] No remotes found in the git config file.
2023-01-13 11:51:15.897 [info] > git remote --verbose [0ms]
2023-01-13 11:51:15.897 [info] > git for-each-ref --format=%(refname)%00%(upstream:short)%00%(objectname)%00%(upstream:track)%00%(upstream:remotename)%00%(upstream:remoteref) refs/heads/master refs/remotes/master [13ms]
2023-01-13 11:51:15.938 [info] > git for-each-ref --sort -committerdate --format %(refname) %(objectname) %(*objectname) [2ms]
2023-01-13 11:51:15.973 [info] > git status -z -uall [63ms] (cancelled)
2023-01-13 11:51:15.979 [info] > git config --get commit.template [5ms]
2023-01-13 11:51:15.991 [warning] No remotes found in the git config file.
2023-01-13 11:51:16.001 [info] > git remote --verbose [11ms]
2023-01-13 11:51:16.002 [info] > git for-each-ref --format=%(refname)%00%(upstream:short)%00%(objectname)%00%(upstream:track)%00%(upstream:remotename)%00%(upstream:remoteref) refs/heads/master refs/remotes/master [2ms]
2023-01-13 11:51:16.029 [info] > git for-each-ref --sort -committerdate --format %(refname) %(objectname) %(*objectname) [1ms]
2023-01-13 11:51:16.046 [info] > git status -z -uall [33ms]
2023-01-13 11:51:16.541 [info] > git check-ignore -v -z --stdin [5ms]
2023-01-13 11:51:17.070 [info] > git ls-files --stage -- /home/kevinromeroe/ProjectPython/Hola.py [3ms]
2023-01-13 11:51:17.078 [info] > git cat-file -s 5c906a6bc051c00b0ea212127d3f427a226754f1 [0ms]
2023-01-13 11:51:17.095 [info] > git show --textconv :ProjectPython/Hola.py [4ms]
2023-01-13 11:51:19.532 [info] > git show --textconv HEAD:.vscode-server/data/logs/20230113T111858/exthost1/vscode.git/Git.log [8ms]
2023-01-13 11:51:19.533 [info] > git ls-tree -l HEAD -- /home/kevinromeroe/.vscode-server/data/logs/20230113T111858/exthost1/vscode.git/Git.log [3ms]
2023-01-13 11:51:20.612 [info] > git show --textconv HEAD:.vscode-server/data/User/History/-227a3bfc/entries.json [114ms]
2023-01-13 11:51:20.628 [info] > git ls-tree -l HEAD -- /home/kevinromeroe/.vscode-server/data/User/History/-227a3bfc/entries.json [118ms]
2023-01-13 11:51:20.969 [info] > git config --get commit.template [1ms]
2023-01-13 11:51:20.981 [warning] No remotes found in the git config file.
2023-01-13 11:51:20.982 [info] > git remote --verbose [1ms]
2023-01-13 11:51:20.983 [info] > git for-each-ref --format=%(refname)%00%(upstream:short)%00%(objectname)%00%(upstream:track)%00%(upstream:remotename)%00%(upstream:remoteref) refs/heads/master refs/remotes/master [8ms]
2023-01-13 11:51:21.006 [info] > git for-each-ref --sort -committerdate --format %(refname) %(objectname) %(*objectname) [2ms]
2023-01-13 11:51:21.024 [info] > git status -z -uall [32ms]
2023-01-13 11:51:21.027 [info] > git check-ignore -v -z --stdin [6ms]
2023-01-13 11:51:21.661 [info] > git check-ignore -v -z --stdin [2ms]
2023-01-13 11:51:26.037 [info] > git config --get commit.template [1ms]
2023-01-13 11:51:26.052 [warning] No remotes found in the git config file.
2023-01-13 11:51:26.053 [info] > git remote --verbose [1ms]
2023-01-13 11:51:26.054 [info] > git for-each-ref --format=%(refname)%00%(upstream:short)%00%(objectname)%00%(upstream:track)%00%(upstream:remotename)%00%(upstream:remoteref) refs/heads/master refs/remotes/master [8ms]
2023-01-13 11:51:26.073 [info] > git for-each-ref --sort -committerdate --format %(refname) %(objectname) %(*objectname) [1ms]
2023-01-13 11:51:26.090 [info] > git status -z -uall [28ms]
2023-01-13 11:51:29.866 [info] > git show --textconv HEAD:.vscode-server/data/User/History/-227a3bfc/vGsn [16ms]
2023-01-13 11:51:29.867 [info] > git ls-tree -l HEAD -- /home/kevinromeroe/.vscode-server/data/User/History/-227a3bfc/vGsn [6ms]
2023-01-13 11:51:31.105 [info] > git config --get commit.template [1ms]
2023-01-13 11:51:31.120 [warning] No remotes found in the git config file.
2023-01-13 11:51:31.120 [info] > git for-each-ref --format=%(refname)%00%(upstream:short)%00%(objectname)%00%(upstream:track)%00%(upstream:remotename)%00%(upstream:remoteref) refs/heads/master refs/remotes/master [7ms]
2023-01-13 11:51:31.121 [info] > git remote --verbose [2ms]
2023-01-13 11:51:31.139 [info] > git for-each-ref --sort -committerdate --format %(refname) %(objectname) %(*objectname) [2ms]
2023-01-13 11:51:31.158 [info] > git status -z -uall [30ms]
2023-01-13 11:51:36.174 [info] > git config --get commit.template [1ms]
2023-01-13 11:51:36.185 [warning] No remotes found in the git config file.
2023-01-13 11:51:36.186 [info] > git for-each-ref --format=%(refname)%00%(upstream:short)%00%(objectname)%00%(upstream:track)%00%(upstream:remotename)%00%(upstream:remoteref) refs/heads/master refs/remotes/master [6ms]
2023-01-13 11:51:36.186 [info] > git remote --verbose [1ms]
2023-01-13 11:51:36.203 [info] > git for-each-ref --sort -committerdate --format %(refname) %(objectname) %(*objectname) [3ms]
2023-01-13 11:51:36.220 [info] > git status -z -uall [27ms]
2023-01-13 11:51:36.854 [info] > git check-ignore -v -z --stdin [4ms]
2023-01-13 11:51:41.716 [info] > git ls-tree -l HEAD -- /home/kevinromeroe/.vscode-server/data/User/History/-227a3bfc/vGsn [9ms]
2023-01-13 11:51:41.718 [info] > git config --get commit.template [2ms]
2023-01-13 11:51:41.731 [warning] No remotes found in the git config file.
2023-01-13 11:51:41.731 [info] > git for-each-ref --format=%(refname)%00%(upstream:short)%00%(objectname)%00%(upstream:track)%00%(upstream:remotename)%00%(upstream:remoteref) refs/heads/master refs/remotes/master [5ms]
2023-01-13 11:51:41.732 [info] > git remote --verbose [1ms]
2023-01-13 11:51:41.757 [info] > git for-each-ref --sort -committerdate --format %(refname) %(objectname) %(*objectname) [1ms]
2023-01-13 11:51:41.776 [info] > git status -z -uall [35ms]
2023-01-13 11:51:41.863 [info] > git add -A -- /home/kevinromeroe/.vscode-server/data/User/History/-227a3bfc/vGsn [16ms]
2023-01-13 11:51:41.884 [info] > git config --get commit.template [5ms]
2023-01-13 11:51:41.893 [warning] No remotes found in the git config file.
2023-01-13 11:51:41.899 [info] > git remote --verbose [6ms]
2023-01-13 11:51:41.900 [info] > git for-each-ref --format=%(refname)%00%(upstream:short)%00%(objectname)%00%(upstream:track)%00%(upstream:remotename)%00%(upstream:remoteref) refs/heads/master refs/remotes/master [3ms]
2023-01-13 11:51:41.922 [info] > git for-each-ref --sort -committerdate --format %(refname) %(objectname) %(*objectname) [2ms]
2023-01-13 11:51:41.940 [info] > git status -z -uall [33ms]
2023-01-13 11:51:42.403 [info] > git show --textconv :.git/COMMIT_EDITMSG [11ms]
2023-01-13 11:51:42.404 [info] > git ls-files --stage -- /home/kevinromeroe/.git/COMMIT_EDITMSG [2ms]
2023-01-13 11:51:42.670 [info] > git check-ignore -v -z --stdin [4ms]
2023-01-13 11:51:43.298 [info] > git ls-files --stage -- /home/kevinromeroe/.vscode-server/data/User/History/-227a3bfc/vGsn [12ms]
2023-01-13 11:51:43.306 [info] > git ls-files --stage -- /home/kevinromeroe/ProjectPython/Hola.py [29ms]
2023-01-13 11:51:43.314 [info] > git cat-file -s a666dd7f8b0c21dab7ca87db683c0d3d2cc20d7c [8ms]
2023-01-13 11:51:43.314 [info] > git ls-files --stage -- /home/kevinromeroe/.git/COMMIT_EDITMSG [18ms]
2023-01-13 11:51:43.315 [info] > git cat-file -s 5c906a6bc051c00b0ea212127d3f427a226754f1 [2ms]
2023-01-13 11:51:43.364 [info] > git show --textconv :.vscode-server/data/User/History/-227a3bfc/vGsn [34ms]
2023-01-13 11:51:43.364 [info] > git show --textconv :.git/COMMIT_EDITMSG [19ms]
2023-01-13 11:51:43.364 [info] > git show --textconv :ProjectPython/Hola.py [3ms]
2023-01-13 11:51:51.079 [info] > git ls-files --stage -- /home/kevinromeroe/.vscode-server/data/User/History/-227a3bfc/vGsn [8ms]
2023-01-13 11:51:51.092 [info] > git cat-file -s a666dd7f8b0c21dab7ca87db683c0d3d2cc20d7c [3ms]
2023-01-13 11:51:51.092 [info] > git -c user.useConfigOnly=true commit --quiet [9142ms]
2023-01-13 11:51:51.103 [info] > git config --get commit.template [1ms]
2023-01-13 11:51:51.122 [warning] No remotes found in the git config file.
2023-01-13 11:51:51.123 [info] > git remote --verbose [1ms]
2023-01-13 11:51:51.123 [info] > git for-each-ref --format=%(refname)%00%(upstream:short)%00%(objectname)%00%(upstream:track)%00%(upstream:remotename)%00%(upstream:remoteref) refs/heads/master refs/remotes/master [11ms]
2023-01-13 11:51:51.143 [info] > git for-each-ref --sort -committerdate --format %(refname) %(objectname) %(*objectname) [2ms]
2023-01-13 11:51:51.162 [info] > git status -z -uall [32ms]
2023-01-13 11:51:51.182 [info] > git config --get commit.template [1ms]
2023-01-13 11:51:51.205 [warning] No remotes found in the git config file.
2023-01-13 11:51:51.205 [info] > git for-each-ref --format=%(refname)%00%(upstream:short)%00%(objectname)%00%(upstream:track)%00%(upstream:remotename)%00%(upstream:remoteref) refs/heads/master refs/remotes/master [8ms]
2023-01-13 11:51:51.206 [info] > git remote --verbose [2ms]
2023-01-13 11:51:51.226 [info] > git for-each-ref --sort -committerdate --format %(refname) %(objectname) %(*objectname) [1ms]
2023-01-13 11:51:51.266 [info] > git status -z -uall [54ms]
2023-01-13 11:51:51.286 [info] > git config --get commit.template [1ms]
2023-01-13 11:51:51.315 [warning] No remotes found in the git config file.
2023-01-13 11:51:51.318 [info] > git remote --verbose [2ms]
2023-01-13 11:51:51.318 [info] > git for-each-ref --format=%(refname)%00%(upstream:short)%00%(objectname)%00%(upstream:track)%00%(upstream:remotename)%00%(upstream:remoteref) refs/heads/master refs/remotes/master [16ms]
2023-01-13 11:51:51.341 [info] > git for-each-ref --sort -committerdate --format %(refname) %(objectname) %(*objectname) [2ms]
2023-01-13 11:51:51.360 [info] > git status -z -uall [33ms]
2023-01-13 11:51:52.536 [info] > git ls-files --stage -- /home/kevinromeroe/ProjectPython/Hola.py [5ms]
2023-01-13 11:51:52.541 [info] > git ls-tree -l HEAD -- /home/kevinromeroe/.vscode-server/data/User/History/-227a3bfc/vGsn [6ms]
2023-01-13 11:51:52.542 [info] > git cat-file -s 5c906a6bc051c00b0ea212127d3f427a226754f1 [1ms]
2023-01-13 11:51:52.556 [info] > git show --textconv HEAD:.vscode-server/data/User/History/-227a3bfc/vGsn [4ms]
2023-01-13 11:51:52.558 [info] > git show --textconv :ProjectPython/Hola.py [2ms]
2023-01-13 11:51:55.791 [info] > git check-ignore -v -z --stdin [3ms]
2023-01-13 11:51:56.280 [info] > git config --get commit.template [2ms]
2023-01-13 11:51:56.285 [warning] No remotes found in the git config file.
2023-01-13 11:51:56.291 [info] > git remote --verbose [6ms]
2023-01-13 11:51:56.291 [info] > git for-each-ref --format=%(refname)%00%(upstream:short)%00%(objectname)%00%(upstream:track)%00%(upstream:remotename)%00%(upstream:remoteref) refs/heads/master refs/remotes/master [0ms]
2023-01-13 11:51:56.311 [info] > git for-each-ref --sort -committerdate --format %(refname) %(objectname) %(*objectname) [1ms]
2023-01-13 11:51:56.327 [info] > git status -z -uall [28ms]
2023-01-13 11:51:57.194 [info] > git add -A -- . [47ms]
2023-01-13 11:51:57.659 [info] > git show --textconv :.git/COMMIT_EDITMSG [10ms]
2023-01-13 11:51:57.660 [info] > git ls-files --stage -- /home/kevinromeroe/.git/COMMIT_EDITMSG [2ms]
2023-01-13 11:51:58.571 [info] > git ls-files --stage -- /home/kevinromeroe/ProjectPython/Hola.py [8ms]
2023-01-13 11:51:58.579 [info] > git ls-files --stage -- /home/kevinromeroe/.git/COMMIT_EDITMSG [9ms]
2023-01-13 11:51:58.581 [info] > git cat-file -s 5c906a6bc051c00b0ea212127d3f427a226754f1 [3ms]
2023-01-13 11:51:58.603 [info] > git show --textconv :.git/COMMIT_EDITMSG [9ms]
2023-01-13 11:51:58.604 [info] > git show --textconv :ProjectPython/Hola.py [4ms]
2023-01-13 11:52:04.314 [info] > git -c user.useConfigOnly=true commit --quiet [7113ms]
2023-01-13 11:52:04.332 [info] > git config --get commit.template [1ms]
2023-01-13 11:52:04.350 [warning] No remotes found in the git config file.
2023-01-13 11:52:04.352 [info] > git for-each-ref --format=%(refname)%00%(upstream:short)%00%(objectname)%00%(upstream:track)%00%(upstream:remotename)%00%(upstream:remoteref) refs/heads/master refs/remotes/master [11ms]
2023-01-13 11:52:04.352 [info] > git remote --verbose [3ms]
2023-01-13 11:52:04.378 [info] > git for-each-ref --sort -committerdate --format %(refname) %(objectname) %(*objectname) [1ms]
2023-01-13 11:52:04.397 [info] > git status -z -uall [31ms]
2023-01-13 11:52:04.416 [info] > git config --get commit.template [2ms]
2023-01-13 11:52:04.437 [warning] No remotes found in the git config file.
2023-01-13 11:52:04.438 [info] > git for-each-ref --format=%(refname)%00%(upstream:short)%00%(objectname)%00%(upstream:track)%00%(upstream:remotename)%00%(upstream:remoteref) refs/heads/master refs/remotes/master [13ms]
2023-01-13 11:52:04.438 [info] > git remote --verbose [1ms]
2023-01-13 11:52:04.466 [info] > git for-each-ref --sort -committerdate --format %(refname) %(objectname) %(*objectname) [1ms]
2023-01-13 11:52:04.488 [info] > git status -z -uall [36ms]
2023-01-13 11:52:04.511 [info] > git config --get commit.template [4ms]
2023-01-13 11:52:04.537 [warning] No remotes found in the git config file.
2023-01-13 11:52:04.540 [info] > git for-each-ref --format=%(refname)%00%(upstream:short)%00%(objectname)%00%(upstream:track)%00%(upstream:remotename)%00%(upstream:remoteref) refs/heads/master refs/remotes/master [14ms]
2023-01-13 11:52:04.540 [info] > git remote --verbose [4ms]
2023-01-13 11:52:04.593 [info] > git for-each-ref --sort -committerdate --format %(refname) %(objectname) %(*objectname) [7ms]
2023-01-13 11:52:04.619 [info] > git status -z -uall [63ms]
2023-01-13 11:52:05.222 [info] > git check-ignore -v -z --stdin [6ms]
2023-01-13 11:52:05.611 [info] > git ls-files --stage -- /home/kevinromeroe/ProjectPython/Hola.py [3ms]
2023-01-13 11:52:05.619 [info] > git cat-file -s 5c906a6bc051c00b0ea212127d3f427a226754f1 [0ms]
2023-01-13 11:52:05.637 [info] > git show --textconv :ProjectPython/Hola.py [4ms]
2023-01-13 11:52:06.061 [info] > git add -A -- . [42ms]
2023-01-13 11:52:06.451 [info] > git show --textconv :.git/COMMIT_EDITMSG [7ms]
2023-01-13 11:52:06.453 [info] > git ls-files --stage -- /home/kevinromeroe/.git/COMMIT_EDITMSG [3ms]
2023-01-13 11:52:07.393 [info] > git ls-files --stage -- /home/kevinromeroe/ProjectPython/Hola.py [7ms]
2023-01-13 11:52:07.400 [info] > git ls-files --stage -- /home/kevinromeroe/.git/COMMIT_EDITMSG [8ms]
2023-01-13 11:52:07.401 [info] > git cat-file -s 5c906a6bc051c00b0ea212127d3f427a226754f1 [2ms]
2023-01-13 11:52:07.419 [info] > git show --textconv :.git/COMMIT_EDITMSG [6ms]
2023-01-13 11:52:07.422 [info] > git show --textconv :ProjectPython/Hola.py [4ms]
2023-01-13 11:52:11.098 [info] > git -c user.useConfigOnly=true commit --quiet [5029ms]
2023-01-13 11:52:11.121 [info] > git config --get commit.template [3ms]
2023-01-13 11:52:11.151 [warning] No remotes found in the git config file.
2023-01-13 11:52:11.153 [info] > git remote --verbose [2ms]
2023-01-13 11:52:11.154 [info] > git for-each-ref --format=%(refname)%00%(upstream:short)%00%(objectname)%00%(upstream:track)%00%(upstream:remotename)%00%(upstream:remoteref) refs/heads/master refs/remotes/master [19ms]
2023-01-13 11:52:11.190 [info] > git for-each-ref --sort -committerdate --format %(refname) %(objectname) %(*objectname) [2ms]
2023-01-13 11:52:11.213 [info] > git status -z -uall [46ms]
2023-01-13 11:52:11.229 [info] > git config --get commit.template [2ms]
2023-01-13 11:52:11.239 [warning] No remotes found in the git config file.
2023-01-13 11:52:11.250 [info] > git remote --verbose [12ms]
2023-01-13 11:52:11.250 [info] > git for-each-ref --format=%(refname)%00%(upstream:short)%00%(objectname)%00%(upstream:track)%00%(upstream:remotename)%00%(upstream:remoteref) refs/heads/master refs/remotes/master [0ms]
2023-01-13 11:52:11.278 [info] > git for-each-ref --sort -committerdate --format %(refname) %(objectname) %(*objectname) [2ms]
2023-01-13 11:52:11.303 [info] > git status -z -uall [40ms]
2023-01-13 11:52:11.326 [info] > git config --get commit.template [4ms]
2023-01-13 11:52:11.347 [warning] No remotes found in the git config file.
2023-01-13 11:52:11.348 [info] > git for-each-ref --format=%(refname)%00%(upstream:short)%00%(objectname)%00%(upstream:track)%00%(upstream:remotename)%00%(upstream:remoteref) refs/heads/master refs/remotes/master [12ms]
2023-01-13 11:52:11.348 [info] > git remote --verbose [1ms]
2023-01-13 11:52:11.381 [info] > git for-each-ref --sort -committerdate --format %(refname) %(objectname) %(*objectname) [3ms]
2023-01-13 11:52:11.403 [info] > git status -z -uall [42ms]
2023-01-13 11:52:12.598 [info] > git ls-files --stage -- /home/kevinromeroe/ProjectPython/Hola.py [2ms]
2023-01-13 11:52:12.606 [info] > git cat-file -s 5c906a6bc051c00b0ea212127d3f427a226754f1 [1ms]
2023-01-13 11:52:12.624 [info] > git show --textconv :ProjectPython/Hola.py [4ms]
2023-01-13 11:52:12.715 [info] > git show --textconv HEAD:.vscode-server/data/logs/20230113T111858/exthost1/vscode.git/Git.log [7ms]
2023-01-13 11:52:12.716 [info] > git ls-tree -l HEAD -- /home/kevinromeroe/.vscode-server/data/logs/20230113T111858/exthost1/vscode.git/Git.log [2ms]
2023-01-13 11:52:16.313 [info] > git config --get commit.template [0ms]
2023-01-13 11:52:16.325 [warning] No remotes found in the git config file.
2023-01-13 11:52:16.326 [info] > git remote --verbose [1ms]
2023-01-13 11:52:16.326 [info] > git for-each-ref --format=%(refname)%00%(upstream:short)%00%(objectname)%00%(upstream:track)%00%(upstream:remotename)%00%(upstream:remoteref) refs/heads/master refs/remotes/master [5ms]
2023-01-13 11:52:16.347 [info] > git for-each-ref --sort -committerdate --format %(refname) %(objectname) %(*objectname) [2ms]
2023-01-13 11:52:16.361 [info] > git status -z -uall [27ms]
2023-01-13 11:52:21.740 [info] > git ls-tree -l HEAD -- /home/kevinromeroe/.vscode-server/data/logs/20230113T111858/exthost1/vscode.git/Git.log [10ms]
2023-01-13 11:52:21.742 [info] > git config --get commit.template [2ms]
2023-01-13 11:52:21.761 [warning] No remotes found in the git config file.
2023-01-13 11:52:21.762 [info] > git remote --verbose [1ms]
2023-01-13 11:52:21.763 [info] > git for-each-ref --format=%(refname)%00%(upstream:short)%00%(objectname)%00%(upstream:track)%00%(upstream:remotename)%00%(upstream:remoteref) refs/heads/master refs/remotes/master [11ms]
2023-01-13 11:52:21.779 [info] > git for-each-ref --sort -committerdate --format %(refname) %(objectname) %(*objectname) [3ms]
2023-01-13 11:52:21.800 [info] > git status -z -uall [32ms]
2023-01-13 11:52:23.831 [info] > git show --textconv HEAD:.vscode-server/data/User/History/-227a3bfc/entries.json [11ms]
2023-01-13 11:52:23.831 [info] > git ls-tree -l HEAD -- /home/kevinromeroe/.vscode-server/data/User/History/-227a3bfc/entries.json [4ms]
2023-01-13 11:52:25.279 [info] > git show --textconv HEAD:.bash_history [13ms]
2023-01-13 11:52:25.280 [info] > git ls-tree -l HEAD -- /home/kevinromeroe/.bash_history [3ms]
2023-01-13 11:52:26.810 [info] > git config --get commit.template [1ms]
2023-01-13 11:52:26.821 [warning] No remotes found in the git config file.
2023-01-13 11:52:26.822 [info] > git for-each-ref --format=%(refname)%00%(upstream:short)%00%(objectname)%00%(upstream:track)%00%(upstream:remotename)%00%(upstream:remoteref) refs/heads/master refs/remotes/master [7ms]
2023-01-13 11:52:26.822 [info] > git remote --verbose [1ms]
2023-01-13 11:52:26.838 [info] > git for-each-ref --sort -committerdate --format %(refname) %(objectname) %(*objectname) [1ms]
2023-01-13 11:52:26.854 [info] > git status -z -uall [25ms]
2023-01-13 11:52:58.927 [info] > git ls-tree -l HEAD -- /home/kevinromeroe/.bash_history [7ms]
2023-01-13 11:52:58.928 [info] > git config --get commit.template [1ms]
2023-01-13 11:52:58.946 [warning] No remotes found in the git config file.
2023-01-13 11:52:58.949 [info] > git for-each-ref --format=%(refname)%00%(upstream:short)%00%(objectname)%00%(upstream:track)%00%(upstream:remotename)%00%(upstream:remoteref) refs/heads/master refs/remotes/master [11ms]
2023-01-13 11:52:58.949 [info] > git remote --verbose [3ms]
2023-01-13 11:52:58.967 [info] > git for-each-ref --sort -committerdate --format %(refname) %(objectname) %(*objectname) [1ms]
2023-01-13 11:52:58.986 [info] > git status -z -uall [30ms]
2023-01-13 11:53:01.878 [info] > git add -A -- /home/kevinromeroe/.bash_history [12ms]
2023-01-13 11:53:01.885 [info] > git config --get commit.template [0ms]
2023-01-13 11:53:01.892 [warning] No remotes found in the git config file.
2023-01-13 11:53:01.892 [info] > git for-each-ref --format=%(refname)%00%(upstream:short)%00%(objectname)%00%(upstream:track)%00%(upstream:remotename)%00%(upstream:remoteref) refs/heads/master refs/remotes/master [4ms]
2023-01-13 11:53:01.892 [info] > git remote --verbose [0ms]
2023-01-13 11:53:01.901 [info] > git for-each-ref --sort -committerdate --format %(refname) %(objectname) %(*objectname) [1ms]
2023-01-13 11:53:01.914 [info] > git status -z -uall [18ms]
2023-01-13 11:53:03.206 [info] > git ls-files --stage -- /home/kevinromeroe/ProjectPython/Hola.py [5ms]
2023-01-13 11:53:03.211 [info] > git ls-files --stage -- /home/kevinromeroe/.bash_history [6ms]
2023-01-13 11:53:03.215 [info] > git cat-file -s 5c906a6bc051c00b0ea212127d3f427a226754f1 [5ms]
2023-01-13 11:53:03.215 [info] > git cat-file -s f08fae520ea553ae772fef8524d2c8f4406b3b36 [1ms]
2023-01-13 11:53:03.230 [info] > git show --textconv :ProjectPython/Hola.py [6ms]
2023-01-13 11:53:03.231 [info] > git show --textconv :.bash_history [3ms]
2023-01-13 11:53:03.452 [info] > git show --textconv HEAD:.vscode-server/data/logs/20230113T111858/exthost1/vscode.git/Git.log [8ms]
2023-01-13 11:53:03.452 [info] > git ls-tree -l HEAD -- /home/kevinromeroe/.vscode-server/data/logs/20230113T111858/exthost1/vscode.git/Git.log [1ms]
2023-01-13 11:53:03.993 [info] > git config --get commit.template [0ms]
2023-01-13 11:53:04.003 [warning] No remotes found in the git config file.
2023-01-13 11:53:04.004 [info] > git for-each-ref --format=%(refname)%00%(upstream:short)%00%(objectname)%00%(upstream:track)%00%(upstream:remotename)%00%(upstream:remoteref) refs/heads/master refs/remotes/master [6ms]
2023-01-13 11:53:04.004 [info] > git remote --verbose [1ms]
2023-01-13 11:53:04.020 [info] > git for-each-ref --sort -committerdate --format %(refname) %(objectname) %(*objectname) [2ms]
2023-01-13 11:53:04.036 [info] > git status -z -uall [28ms]
2023-01-13 11:53:05.039 [info] > git show --textconv :.git/COMMIT_EDITMSG [7ms]
2023-01-13 11:53:05.041 [info] > git ls-files --stage -- /home/kevinromeroe/.git/COMMIT_EDITMSG [3ms]
2023-01-13 11:53:05.984 [info] > git ls-tree -l HEAD -- /home/kevinromeroe/.vscode-server/data/logs/20230113T111858/exthost1/vscode.git/Git.log [7ms]
2023-01-13 11:53:05.984 [info] > git ls-files --stage -- /home/kevinromeroe/ProjectPython/Hola.py [15ms]
2023-01-13 11:53:05.993 [info] > git ls-files --stage -- /home/kevinromeroe/.git/COMMIT_EDITMSG [11ms]
2023-01-13 11:53:05.993 [info] > git cat-file -s 5c906a6bc051c00b0ea212127d3f427a226754f1 [2ms]
2023-01-13 11:53:06.019 [info] > git show --textconv HEAD:.vscode-server/data/logs/20230113T111858/exthost1/vscode.git/Git.log [17ms]
2023-01-13 11:53:06.020 [info] > git show --textconv :.git/COMMIT_EDITMSG [10ms]
2023-01-13 11:53:06.021 [info] > git show --textconv :ProjectPython/Hola.py [4ms]
2023-01-13 11:53:11.498 [info] > git ls-tree -l HEAD -- /home/kevinromeroe/.vscode-server/data/logs/20230113T111858/exthost1/vscode.git/Git.log [6ms]
2023-01-13 11:53:11.511 [info] > git -c user.useConfigOnly=true commit --quiet [6885ms]
2023-01-13 11:53:11.528 [info] > git config --get commit.template [2ms]
2023-01-13 11:53:11.553 [warning] No remotes found in the git config file.
2023-01-13 11:53:11.555 [info] > git for-each-ref --format=%(refname)%00%(upstream:short)%00%(objectname)%00%(upstream:track)%00%(upstream:remotename)%00%(upstream:remoteref) refs/heads/master refs/remotes/master [13ms]
2023-01-13 11:53:11.555 [info] > git remote --verbose [2ms]
2023-01-13 11:53:11.589 [info] > git for-each-ref --sort -committerdate --format %(refname) %(objectname) %(*objectname) [3ms]
2023-01-13 11:53:11.632 [info] > git status -z -uall [68ms]
2023-01-13 11:53:11.648 [info] > git config --get commit.template [1ms]
2023-01-13 11:53:11.666 [warning] No remotes found in the git config file.
2023-01-13 11:53:11.678 [info] > git remote --verbose [12ms]
2023-01-13 11:53:11.678 [info] > git for-each-ref --format=%(refname)%00%(upstream:short)%00%(objectname)%00%(upstream:track)%00%(upstream:remotename)%00%(upstream:remoteref) refs/heads/master refs/remotes/master [1ms]
2023-01-13 11:53:11.700 [info] > git for-each-ref --sort -committerdate --format %(refname) %(objectname) %(*objectname) [2ms]
2023-01-13 11:53:11.718 [info] > git status -z -uall [31ms]
2023-01-13 11:53:11.744 [info] > git config --get commit.template [0ms]
2023-01-13 11:53:11.762 [warning] No remotes found in the git config file.
2023-01-13 11:53:11.763 [info] > git for-each-ref --format=%(refname)%00%(upstream:short)%00%(objectname)%00%(upstream:track)%00%(upstream:remotename)%00%(upstream:remoteref) refs/heads/master refs/remotes/master [11ms]
2023-01-13 11:53:11.763 [info] > git remote --verbose [1ms]
2023-01-13 11:53:11.786 [info] > git for-each-ref --sort -committerdate --format %(refname) %(objectname) %(*objectname) [1ms]
2023-01-13 11:53:11.801 [info] > git status -z -uall [29ms]
2023-01-13 11:53:12.436 [info] > git check-ignore -v -z --stdin [10ms]
